{"@timestamp":"2020-10-30T10:52:29.604+01:00","@version":"1","severity":"INFO","service":"car-dealers-Application","pid":"7724","thread":"restartedMain","class":"se.ecutb.cardealers.CarDealersApplication","message":"Starting CarDealersApplication on LAPTOP-Q4TQDHDT with PID 7724 (C:\\Users\\sima2\\Desktop\\Web-Service\\Upp3\\Car-shop\\target\\classes started by sima2 in C:\\Users\\sima2\\Desktop\\Web-Service\\Upp3\\Car-shop) "}
{"@timestamp":"2020-10-30T10:52:29.872+01:00","@version":"1","severity":"INFO","service":"car-dealers-Application","pid":"7724","thread":"restartedMain","class":"se.ecutb.cardealers.CarDealersApplication","message":"No active profile set, falling back to default profiles: default "}
{"@timestamp":"2020-10-30T10:52:43.881+01:00","@version":"1","severity":"INFO","service":"car-dealers-Application","pid":"7724","thread":"restartedMain","class":"se.ecutb.cardealers.CarDealersApplication","message":"Started CarDealersApplication in 16.225 seconds (JVM running for 22.969) "}
{"@timestamp":"2020-10-30T10:54:35.166+01:00","@version":"1","severity":"INFO","service":"car-dealers-Application","pid":"7724","thread":"http-nio-8010-exec-10","class":"se.ecutb.cardealers.services.AppUserService","message":"Request to find All Users "}
{"@timestamp":"2020-10-30T11:01:11.408+01:00","@version":"1","severity":"INFO","service":"car-dealers-Application","pid":"7724","thread":"http-nio-8010-exec-6","class":"se.ecutb.cardealers.services.AppUserService","message":"Request to save User "}
{"@timestamp":"2020-10-30T11:04:06.801+01:00","@version":"1","severity":"INFO","service":"car-dealers-Application","pid":"7724","thread":"http-nio-8010-exec-4","class":"se.ecutb.cardealers.services.AppUserService","message":"Request to find All Users "}
{"@timestamp":"2020-10-30T11:05:36.132+01:00","@version":"1","severity":"INFO","service":"car-dealers-Application","pid":"7724","thread":"http-nio-8010-exec-1","class":"se.ecutb.cardealers.services.AppUserService","message":"Request to Uppdate User  "}
{"@timestamp":"2020-10-30T11:05:43.808+01:00","@version":"1","severity":"INFO","service":"car-dealers-Application","pid":"7724","thread":"http-nio-8010-exec-10","class":"se.ecutb.cardealers.services.AppUserService","message":"Request to find All Users "}
{"@timestamp":"2020-10-30T11:07:31.825+01:00","@version":"1","severity":"INFO","service":"car-dealers-Application","pid":"7724","thread":"http-nio-8010-exec-7","class":"se.ecutb.cardealers.services.AppUserService","message":"Request to save User "}
{"@timestamp":"2020-10-30T11:10:16.629+01:00","@version":"1","severity":"INFO","service":"car-dealers-Application","pid":"12580","thread":"restartedMain","class":"se.ecutb.cardealers.CarDealersApplication","message":"Starting CarDealersApplication on LAPTOP-Q4TQDHDT with PID 12580 (C:\\Users\\sima2\\Desktop\\Web-Service\\Upp3\\Car-shop\\target\\classes started by sima2 in C:\\Users\\sima2\\Desktop\\Web-Service\\Upp3\\Car-shop) "}
{"@timestamp":"2020-10-30T11:10:16.661+01:00","@version":"1","severity":"INFO","service":"car-dealers-Application","pid":"12580","thread":"restartedMain","class":"se.ecutb.cardealers.CarDealersApplication","message":"No active profile set, falling back to default profiles: default "}
{"@timestamp":"2020-10-30T11:10:27.523+01:00","@version":"1","severity":"INFO","service":"car-dealers-Application","pid":"12580","thread":"restartedMain","class":"se.ecutb.cardealers.CarDealersApplication","message":"Started CarDealersApplication in 13.034 seconds (JVM running for 18.806) "}
{"@timestamp":"2020-10-30T11:10:54.911+01:00","@version":"1","severity":"INFO","service":"car-dealers-Application","pid":"12580","thread":"http-nio-8010-exec-2","class":"se.ecutb.cardealers.services.AppUserService","message":"Request to save User "}
{"@timestamp":"2020-10-30T11:21:03.515+01:00","@version":"1","severity":"INFO","service":"car-dealers-Application","pid":"12580","thread":"http-nio-8010-exec-7","class":"se.ecutb.cardealers.services.AppUserService","message":"Request to save User "}
{"@timestamp":"2020-10-30T11:21:36.986+01:00","@version":"1","severity":"INFO","service":"car-dealers-Application","pid":"12580","thread":"http-nio-8010-exec-6","class":"se.ecutb.cardealers.services.AppUserService","message":"Request to find All Users "}
{"@timestamp":"2020-10-30T11:22:15.189+01:00","@version":"1","severity":"INFO","service":"car-dealers-Application","pid":"12580","thread":"http-nio-8010-exec-5","class":"se.ecutb.cardealers.services.AppUserService","message":"Request to Delet User "}
{"@timestamp":"2020-10-30T11:22:21.232+01:00","@version":"1","severity":"INFO","service":"car-dealers-Application","pid":"12580","thread":"http-nio-8010-exec-4","class":"se.ecutb.cardealers.services.AppUserService","message":"Request to find All Users "}
{"@timestamp":"2020-10-30T11:37:02.097+01:00","@version":"1","severity":"INFO","service":"car-dealers-Application","pid":"12580","thread":"http-nio-8010-exec-10","class":"se.ecutb.cardealers.services.AppUserService","message":"Request to Uppdate User  "}
{"@timestamp":"2020-10-30T11:37:06.853+01:00","@version":"1","severity":"INFO","service":"car-dealers-Application","pid":"12580","thread":"http-nio-8010-exec-2","class":"se.ecutb.cardealers.services.AppUserService","message":"Request to find All Users "}
{"@timestamp":"2020-10-30T11:37:25.017+01:00","@version":"1","severity":"INFO","service":"car-dealers-Application","pid":"12580","thread":"http-nio-8010-exec-9","class":"se.ecutb.cardealers.services.AppUserService","message":"Request to Uppdate User  "}
{"@timestamp":"2020-10-30T11:37:31.951+01:00","@version":"1","severity":"INFO","service":"car-dealers-Application","pid":"12580","thread":"http-nio-8010-exec-8","class":"se.ecutb.cardealers.services.AppUserService","message":"Request to find All Users "}
